<?xml version="1.0" encoding="UTF-8"?>
<!-- Generated by org.testng.reporters.JUnitXMLReporter -->
<testsuite hostname="Surajs-MacBook-Pro.local" ignored="2" name="Default test" tests="1" failures="0" timestamp="2020-05-11T15:14:17 NPT" time="20.751" errors="0">
  <testcase name="LoginTest" time="7.104" classname="com.crm.qa.testcases.LoginPageTest"/>
  <testcase name="CRMLogoImageTest" time="0.0" classname="com.crm.qa.testcases.LoginPageTest">
    <ignored/>
  </testcase> <!-- CRMLogoImageTest -->
  <testcase name="LoginPageTitleTest" time="0.0" classname="com.crm.qa.testcases.LoginPageTest">
    <ignored/>
  </testcase> <!-- LoginPageTitleTest -->
</testsuite> <!-- Default test -->
