<?xml version="1.0" encoding="UTF-8"?>
<!-- Generated by org.testng.reporters.JUnitXMLReporter -->
<testsuite hostname="Surajs-MacBook-Pro.local" ignored="0" name="Free CRM App Test" tests="3" failures="0" timestamp="2020-04-26T18:29:35 NPT" time="29.178" errors="0">
  <testcase name="LoginPageTitleTest" time="0.013" classname="com.crm.qa.testcases.LoginPageTest"/>
  <testcase name="CRMLogoImageTest" time="0.041" classname="com.crm.qa.testcases.LoginPageTest"/>
  <testcase name="LoginTest" time="7.385" classname="com.crm.qa.testcases.LoginPageTest"/>
</testsuite> <!-- Free CRM App Test -->
