<?xml version="1.0" encoding="UTF-8"?>
<!-- Generated by org.testng.reporters.JUnitXMLReporter -->
<testsuite hostname="Surajs-MacBook-Pro.local" ignored="0" name="Command line test" tests="3" failures="0" timestamp="2020-04-27T17:07:30 NPT" time="38.176" errors="0">
  <testcase name="verifyContactsPageLabelTest" time="0.037" classname="com.crm.qa.testcases.ContactsPageTest"/>
  <testcase name="verifyHomePageTitleTest" time="0.004" classname="com.crm.qa.testcases.HomePageTest"/>
  <testcase name="LoginTest" time="6.488" classname="com.crm.qa.testcases.LoginPageTest"/>
</testsuite> <!-- Command line test -->
