<?xml version="1.0" encoding="UTF-8"?>
<testng-results skipped="0" failed="0" ignored="0" total="1" passed="1">
  <reporter-output>
  </reporter-output>
  <suite name="Free CRM Test" duration-ms="32162" started-at="2020-04-27T19:16:15 NPT" finished-at="2020-04-27T19:16:47 NPT">
    <groups>
    </groups>
    <test name="Free CRM App Test" duration-ms="32162" started-at="2020-04-27T19:16:15 NPT" finished-at="2020-04-27T19:16:47 NPT">
      <class name="com.crm.qa.testcases.LoginPageTest">
        <test-method status="PASS" signature="setUp()[pri:0, instance:com.crm.qa.testcases.LoginPageTest@6d7b4f4c]" name="setUp" is-config="true" duration-ms="18353" started-at="2020-04-27T19:16:15 NPT" finished-at="2020-04-27T19:16:33 NPT">
          <reporter-output>
          </reporter-output>
        </test-method> <!-- setUp -->
        <test-method status="PASS" signature="LoginTest()[pri:1, instance:com.crm.qa.testcases.LoginPageTest@6d7b4f4c]" name="LoginTest" duration-ms="13689" started-at="2020-04-27T19:16:33 NPT" finished-at="2020-04-27T19:16:47 NPT">
          <reporter-output>
          </reporter-output>
        </test-method> <!-- LoginTest -->
        <test-method status="PASS" signature="tearDown()[pri:0, instance:com.crm.qa.testcases.LoginPageTest@6d7b4f4c]" name="tearDown" is-config="true" duration-ms="94" started-at="2020-04-27T19:16:47 NPT" finished-at="2020-04-27T19:16:47 NPT">
          <reporter-output>
          </reporter-output>
        </test-method> <!-- tearDown -->
      </class> <!-- com.crm.qa.testcases.LoginPageTest -->
    </test> <!-- Free CRM App Test -->
  </suite> <!-- Free CRM Test -->
</testng-results>
