<?xml version="1.0" encoding="UTF-8"?>
<testng-results skipped="0" failed="0" ignored="0" total="3" passed="3">
  <reporter-output>
  </reporter-output>
  <suite name="Command line suite" duration-ms="38176" started-at="2020-04-27T17:06:47 NPT" finished-at="2020-04-27T17:07:25 NPT">
    <groups>
    </groups>
    <test name="Command line test" duration-ms="38176" started-at="2020-04-27T17:06:47 NPT" finished-at="2020-04-27T17:07:25 NPT">
      <class name="com.crm.qa.testcases.HomePageTest">
        <test-method status="PASS" signature="setUp()[pri:0, instance:com.crm.qa.testcases.HomePageTest@6adede5]" name="setUp" is-config="true" duration-ms="12016" started-at="2020-04-27T17:07:01 NPT" finished-at="2020-04-27T17:07:13 NPT">
          <reporter-output>
          </reporter-output>
        </test-method> <!-- setUp -->
        <test-method status="PASS" signature="verifyHomePageTitleTest()[pri:1, instance:com.crm.qa.testcases.HomePageTest@6adede5]" name="verifyHomePageTitleTest" duration-ms="4" started-at="2020-04-27T17:07:13 NPT" finished-at="2020-04-27T17:07:13 NPT">
          <reporter-output>
          </reporter-output>
        </test-method> <!-- verifyHomePageTitleTest -->
        <test-method status="PASS" signature="tearDown()[pri:0, instance:com.crm.qa.testcases.HomePageTest@6adede5]" name="tearDown" is-config="true" duration-ms="90" started-at="2020-04-27T17:07:13 NPT" finished-at="2020-04-27T17:07:13 NPT">
          <reporter-output>
          </reporter-output>
        </test-method> <!-- tearDown -->
      </class> <!-- com.crm.qa.testcases.HomePageTest -->
      <class name="com.crm.qa.testcases.ContactsPageTest">
        <test-method status="PASS" signature="setUp()[pri:0, instance:com.crm.qa.testcases.ContactsPageTest@5649fd9b]" name="setUp" is-config="true" duration-ms="14160" started-at="2020-04-27T17:06:47 NPT" finished-at="2020-04-27T17:07:01 NPT">
          <reporter-output>
          </reporter-output>
        </test-method> <!-- setUp -->
        <test-method status="PASS" signature="verifyContactsPageLabelTest()[pri:1, instance:com.crm.qa.testcases.ContactsPageTest@5649fd9b]" name="verifyContactsPageLabelTest" duration-ms="37" started-at="2020-04-27T17:07:01 NPT" finished-at="2020-04-27T17:07:01 NPT">
          <reporter-output>
          </reporter-output>
        </test-method> <!-- verifyContactsPageLabelTest -->
        <test-method status="PASS" signature="tearDown()[pri:0, instance:com.crm.qa.testcases.ContactsPageTest@5649fd9b]" name="tearDown" is-config="true" duration-ms="92" started-at="2020-04-27T17:07:01 NPT" finished-at="2020-04-27T17:07:01 NPT">
          <reporter-output>
          </reporter-output>
        </test-method> <!-- tearDown -->
      </class> <!-- com.crm.qa.testcases.ContactsPageTest -->
      <class name="com.crm.qa.testcases.LoginPageTest">
        <test-method status="PASS" signature="setUp()[pri:0, instance:com.crm.qa.testcases.LoginPageTest@2d928643]" name="setUp" is-config="true" duration-ms="5172" started-at="2020-04-27T17:07:13 NPT" finished-at="2020-04-27T17:07:18 NPT">
          <reporter-output>
          </reporter-output>
        </test-method> <!-- setUp -->
        <test-method status="PASS" signature="LoginTest()[pri:1, instance:com.crm.qa.testcases.LoginPageTest@2d928643]" name="LoginTest" duration-ms="6488" started-at="2020-04-27T17:07:18 NPT" finished-at="2020-04-27T17:07:25 NPT">
          <reporter-output>
          </reporter-output>
        </test-method> <!-- LoginTest -->
        <test-method status="PASS" signature="tearDown()[pri:0, instance:com.crm.qa.testcases.LoginPageTest@2d928643]" name="tearDown" is-config="true" duration-ms="94" started-at="2020-04-27T17:07:25 NPT" finished-at="2020-04-27T17:07:25 NPT">
          <reporter-output>
          </reporter-output>
        </test-method> <!-- tearDown -->
      </class> <!-- com.crm.qa.testcases.LoginPageTest -->
    </test> <!-- Command line test -->
  </suite> <!-- Command line suite -->
</testng-results>
