<?xml version="1.0" encoding="UTF-8"?>
<testng-results skipped="0" failed="0" ignored="2" total="3" passed="1">
  <reporter-output>
  </reporter-output>
  <suite name="Default suite" duration-ms="20751" started-at="2020-05-11T15:13:51 NPT" finished-at="2020-05-11T15:14:12 NPT">
    <groups>
    </groups>
    <test name="Default test" duration-ms="20751" started-at="2020-05-11T15:13:51 NPT" finished-at="2020-05-11T15:14:12 NPT">
      <class name="com.crm.qa.testcases.LoginPageTest">
        <test-method status="PASS" signature="setUp()[pri:0, instance:com.crm.qa.testcases.LoginPageTest@4e3958e7]" name="setUp" is-config="true" duration-ms="13522" started-at="2020-05-11T15:13:51 NPT" finished-at="2020-05-11T15:14:05 NPT">
          <reporter-output>
          </reporter-output>
        </test-method> <!-- setUp -->
        <test-method status="PASS" signature="LoginTest()[pri:1, instance:com.crm.qa.testcases.LoginPageTest@4e3958e7]" name="LoginTest" duration-ms="7104" started-at="2020-05-11T15:14:05 NPT" finished-at="2020-05-11T15:14:12 NPT">
          <reporter-output>
          </reporter-output>
        </test-method> <!-- LoginTest -->
        <test-method status="PASS" signature="tearDown()[pri:0, instance:com.crm.qa.testcases.LoginPageTest@4e3958e7]" name="tearDown" is-config="true" duration-ms="95" started-at="2020-05-11T15:14:12 NPT" finished-at="2020-05-11T15:14:12 NPT">
          <reporter-output>
          </reporter-output>
        </test-method> <!-- tearDown -->
      </class> <!-- com.crm.qa.testcases.LoginPageTest -->
    </test> <!-- Default test -->
  </suite> <!-- Default suite -->
</testng-results>
